[2024-01-09 06:25:50] local.ERROR: Illuminate\Validation\ValidationException: These credentials do not match our records. in /var/www/trademate/vendor/laravel/framework/src/Illuminate/Validation/ValidationException.php:71
Stack trace:
#0 /var/www/trademate/app/Http/Requests/Auth/LoginRequest.php(70): Illuminate\Validation\ValidationException::withMessages()
#1 /var/www/trademate/app/Http/Controllers/Auth/AuthenticatedSessionController.php(38): App\Http\Requests\Auth\LoginRequest->authenticate()
#2 /var/www/trademate/vendor/laravel/framework/src/Illuminate/Routing/Controller.php(54): App\Http\Controllers\Auth\AuthenticatedSessionController->store()
#3 /var/www/trademate/vendor/laravel/framework/src/Illuminate/Routing/ControllerDispatcher.php(43): Illuminate\Routing\Controller->callAction()
#4 /var/www/trademate/vendor/laravel/framework/src/Illuminate/Routing/Route.php(259): Illuminate\Routing\ControllerDispatcher->dispatch()
#5 /var/www/trademate/vendor/laravel/framework/src/Illuminate/Routing/Route.php(205): Illuminate\Routing\Route->runController()
#6 /var/www/trademate/vendor/laravel/framework/src/Illuminate/Routing/Router.php(798): Illuminate\Routing\Route->run()
#7 /var/www/trademate/vendor/laravel/framework/src/Illuminate/Pipeline/Pipeline.php(141): Illuminate\Routing\Router->Illuminate\Routing\{closure}()
#8 /var/www/trademate/app/Http/Middleware/RedirectIfAuthenticated.php(38): Illuminate\Pipeline\Pipeline->Illuminate\Pipeline\{closure}()
#9 /var/www/trademate/vendor/laravel/framework/src/Illuminate/Pipeline/Pipeline.php(180): App\Http\Middleware\RedirectIfAuthenticated->handle()
#10 /var/www/trademate/app/Http/Middleware/Localization.php(23): Illuminate\Pipeline\Pipeline->Illuminate\Pipeline\{closure}()
#11 /var/www/trademate/vendor/laravel/framework/src/Illuminate/Pipeline/Pipeline.php(180): App\Http\Middleware\Localization->handle()
#12 /var/www/trademate/app/Http/Middleware/XSS.php(25): Illuminate\Pipeline\Pipeline->Illuminate\Pipeline\{closure}()
#13 /var/www/trademate/vendor/laravel/framework/src/Illuminate/Pipeline/Pipeline.php(180): App\Http\Middleware\XSS->handle()
#14 /var/www/trademate/app/Http/Middleware/IsMaintenance.php(40): Illuminate\Pipeline\Pipeline->Illuminate\Pipeline\{closure}()
#15 /var/www/trademate/vendor/laravel/framework/src/Illuminate/Pipeline/Pipeline.php(180): App\Http\Middleware\IsMaintenance->handle()
#16 /var/www/trademate/app/Http/Middleware/StoreReferralCode.php(19): Illuminate\Pipeline\Pipeline->Illuminate\Pipeline\{closure}()
#17 /var/www/trademate/vendor/laravel/framework/src/Illuminate/Pipeline/Pipeline.php(180): App\Http\Middleware\StoreReferralCode->handle()
#18 /var/www/trademate/vendor/laravel/framework/src/Illuminate/Routing/Middleware/SubstituteBindings.php(50): Illuminate\Pipeline\Pipeline->Illuminate\Pipeline\{closure}()
#19 /var/www/trademate/vendor/laravel/framework/src/Illuminate/Pipeline/Pipeline.php(180): Illuminate\Routing\Middleware\SubstituteBindings->handle()
#20 /var/www/trademate/vendor/laravel/framework/src/Illuminate/Foundation/Http/Middleware/VerifyCsrfToken.php(78): Illuminate\Pipeline\Pipeline->Illuminate\Pipeline\{closure}()
#21 /var/www/trademate/vendor/laravel/framework/src/Illuminate/Pipeline/Pipeline.php(180): Illuminate\Foundation\Http\Middleware\VerifyCsrfToken->handle()
#22 /var/www/trademate/vendor/laravel/framework/src/Illuminate/View/Middleware/ShareErrorsFromSession.php(49): Illuminate\Pipeline\Pipeline->Illuminate\Pipeline\{closure}()
#23 /var/www/trademate/vendor/laravel/framework/src/Illuminate/Pipeline/Pipeline.php(180): Illuminate\View\Middleware\ShareErrorsFromSession->handle()
#24 /var/www/trademate/vendor/laravel/framework/src/Illuminate/Session/Middleware/StartSession.php(121): Illuminate\Pipeline\Pipeline->Illuminate\Pipeline\{closure}()
#25 /var/www/trademate/vendor/laravel/framework/src/Illuminate/Session/Middleware/StartSession.php(64): Illuminate\Session\Middleware\StartSession->handleStatefulRequest()
#26 /var/www/trademate/vendor/laravel/framework/src/Illuminate/Pipeline/Pipeline.php(180): Illuminate\Session\Middleware\StartSession->handle()
#27 /var/www/trademate/vendor/laravel/framework/src/Illuminate/Cookie/Middleware/AddQueuedCookiesToResponse.php(37): Illuminate\Pipeline\Pipeline->Illuminate\Pipeline\{closure}()
#28 /var/www/trademate/vendor/laravel/framework/src/Illuminate/Pipeline/Pipeline.php(180): Illuminate\Cookie\Middleware\AddQueuedCookiesToResponse->handle()
#29 /var/www/trademate/vendor/laravel/framework/src/Illuminate/Cookie/Middleware/EncryptCookies.php(67): Illuminate\Pipeline\Pipeline->Illuminate\Pipeline\{closure}()
#30 /var/www/trademate/vendor/laravel/framework/src/Illuminate/Pipeline/Pipeline.php(180): Illuminate\Cookie\Middleware\EncryptCookies->handle()
#31 /var/www/trademate/vendor/laravel/framework/src/Illuminate/Pipeline/Pipeline.php(116): Illuminate\Pipeline\Pipeline->Illuminate\Pipeline\{closure}()
#32 /var/www/trademate/vendor/laravel/framework/src/Illuminate/Routing/Router.php(797): Illuminate\Pipeline\Pipeline->then()
#33 /var/www/trademate/vendor/laravel/framework/src/Illuminate/Routing/Router.php(776): Illuminate\Routing\Router->runRouteWithinStack()
#34 /var/www/trademate/vendor/laravel/framework/src/Illuminate/Routing/Router.php(740): Illuminate\Routing\Router->runRoute()
#35 /var/www/trademate/vendor/laravel/framework/src/Illuminate/Routing/Router.php(729): Illuminate\Routing\Router->dispatchToRoute()
#36 /var/www/trademate/vendor/laravel/framework/src/Illuminate/Foundation/Http/Kernel.php(190): Illuminate\Routing\Router->dispatch()
#37 /var/www/trademate/vendor/laravel/framework/src/Illuminate/Pipeline/Pipeline.php(141): Illuminate\Foundation\Http\Kernel->Illuminate\Foundation\Http\{closure}()
#38 /var/www/trademate/vendor/barryvdh/laravel-debugbar/src/Middleware/InjectDebugbar.php(59): Illuminate\Pipeline\Pipeline->Illuminate\Pipeline\{closure}()
#39 /var/www/trademate/vendor/laravel/framework/src/Illuminate/Pipeline/Pipeline.php(180): Barryvdh\Debugbar\Middleware\InjectDebugbar->handle()
#40 /var/www/trademate/app/Http/Middleware/SecureHeaders.php(25): Illuminate\Pipeline\Pipeline->Illuminate\Pipeline\{closure}()
#41 /var/www/trademate/vendor/laravel/framework/src/Illuminate/Pipeline/Pipeline.php(180): App\Http\Middleware\SecureHeaders->handle()
#42 /var/www/trademate/vendor/laravel/framework/src/Illuminate/Foundation/Http/Middleware/TransformsRequest.php(21): Illuminate\Pipeline\Pipeline->Illuminate\Pipeline\{closure}()
#43 /var/www/trademate/vendor/laravel/framework/src/Illuminate/Foundation/Http/Middleware/ConvertEmptyStringsToNull.php(31): Illuminate\Foundation\Http\Middleware\TransformsRequest->handle()
#44 /var/www/trademate/vendor/laravel/framework/src/Illuminate/Pipeline/Pipeline.php(180): Illuminate\Foundation\Http\Middleware\ConvertEmptyStringsToNull->handle()
#45 /var/www/trademate/vendor/laravel/framework/src/Illuminate/Foundation/Http/Middleware/TransformsRequest.php(21): Illuminate\Pipeline\Pipeline->Illuminate\Pipeline\{closure}()
#46 /var/www/trademate/vendor/laravel/framework/src/Illuminate/Foundation/Http/Middleware/TrimStrings.php(40): Illuminate\Foundation\Http\Middleware\TransformsRequest->handle()
#47 /var/www/trademate/vendor/laravel/framework/src/Illuminate/Pipeline/Pipeline.php(180): Illuminate\Foundation\Http\Middleware\TrimStrings->handle()
#48 /var/www/trademate/vendor/laravel/framework/src/Illuminate/Foundation/Http/Middleware/ValidatePostSize.php(27): Illuminate\Pipeline\Pipeline->Illuminate\Pipeline\{closure}()
#49 /var/www/trademate/vendor/laravel/framework/src/Illuminate/Pipeline/Pipeline.php(180): Illuminate\Foundation\Http\Middleware\ValidatePostSize->handle()
#50 /var/www/trademate/vendor/laravel/framework/src/Illuminate/Foundation/Http/Middleware/PreventRequestsDuringMaintenance.php(86): Illuminate\Pipeline\Pipeline->Illuminate\Pipeline\{closure}()
#51 /var/www/trademate/vendor/laravel/framework/src/Illuminate/Pipeline/Pipeline.php(180): Illuminate\Foundation\Http\Middleware\PreventRequestsDuringMaintenance->handle()
#52 /var/www/trademate/vendor/laravel/framework/src/Illuminate/Http/Middleware/HandleCors.php(49): Illuminate\Pipeline\Pipeline->Illuminate\Pipeline\{closure}()
#53 /var/www/trademate/vendor/laravel/framework/src/Illuminate/Pipeline/Pipeline.php(180): Illuminate\Http\Middleware\HandleCors->handle()
#54 /var/www/trademate/vendor/laravel/framework/src/Illuminate/Http/Middleware/TrustProxies.php(39): Illuminate\Pipeline\Pipeline->Illuminate\Pipeline\{closure}()
#55 /var/www/trademate/vendor/laravel/framework/src/Illuminate/Pipeline/Pipeline.php(180): Illuminate\Http\Middleware\TrustProxies->handle()
#56 /var/www/trademate/vendor/laravel/framework/src/Illuminate/Pipeline/Pipeline.php(116): Illuminate\Pipeline\Pipeline->Illuminate\Pipeline\{closure}()
#57 /var/www/trademate/vendor/laravel/framework/src/Illuminate/Foundation/Http/Kernel.php(165): Illuminate\Pipeline\Pipeline->then()
#58 /var/www/trademate/vendor/laravel/framework/src/Illuminate/Foundation/Http/Kernel.php(134): Illuminate\Foundation\Http\Kernel->sendRequestThroughRouter()
#59 /var/www/trademate/public/index.php(51): Illuminate\Foundation\Http\Kernel->handle()
#60 /var/www/trademate/vendor/laravel/framework/src/Illuminate/Foundation/resources/server.php(16): require_once('...')
#61 {main}  
[2024-01-09 06:26:25] local.ERROR: GuzzleHttp\Exception\ConnectException: cURL error 6: Could not resolve host: addresses (see https://curl.haxx.se/libcurl/c/libcurl-errors.html) for addresses/take in /var/www/trademate/vendor/guzzlehttp/guzzle/src/Handler/CurlFactory.php:210
Stack trace:
#0 /var/www/trademate/vendor/guzzlehttp/guzzle/src/Handler/CurlFactory.php(158): GuzzleHttp\Handler\CurlFactory::createRejection()
#1 /var/www/trademate/vendor/guzzlehttp/guzzle/src/Handler/CurlFactory.php(110): GuzzleHttp\Handler\CurlFactory::finishError()
#2 /var/www/trademate/vendor/guzzlehttp/guzzle/src/Handler/CurlHandler.php(47): GuzzleHttp\Handler\CurlFactory::finish()
#3 /var/www/trademate/vendor/guzzlehttp/guzzle/src/Handler/Proxy.php(28): GuzzleHttp\Handler\CurlHandler->__invoke()
#4 /var/www/trademate/vendor/guzzlehttp/guzzle/src/Handler/Proxy.php(48): GuzzleHttp\Handler\Proxy::GuzzleHttp\Handler\{closure}()
#5 /var/www/trademate/vendor/laravel/framework/src/Illuminate/Http/Client/PendingRequest.php(1150): GuzzleHttp\Handler\Proxy::GuzzleHttp\Handler\{closure}()
#6 /var/www/trademate/vendor/laravel/framework/src/Illuminate/Http/Client/PendingRequest.php(1116): Illuminate\Http\Client\PendingRequest->Illuminate\Http\Client\{closure}()
#7 /var/www/trademate/vendor/laravel/framework/src/Illuminate/Http/Client/PendingRequest.php(1102): Illuminate\Http\Client\PendingRequest->Illuminate\Http\Client\{closure}()
#8 /var/www/trademate/vendor/guzzlehttp/guzzle/src/PrepareBodyMiddleware.php(64): Illuminate\Http\Client\PendingRequest->Illuminate\Http\Client\{closure}()
#9 /var/www/trademate/vendor/guzzlehttp/guzzle/src/Middleware.php(38): GuzzleHttp\PrepareBodyMiddleware->__invoke()
#10 /var/www/trademate/vendor/guzzlehttp/guzzle/src/RedirectMiddleware.php(71): GuzzleHttp\Middleware::GuzzleHttp\{closure}()
#11 /var/www/trademate/vendor/guzzlehttp/guzzle/src/Middleware.php(63): GuzzleHttp\RedirectMiddleware->__invoke()
#12 /var/www/trademate/vendor/guzzlehttp/guzzle/src/HandlerStack.php(75): GuzzleHttp\Middleware::GuzzleHttp\{closure}()
#13 /var/www/trademate/vendor/guzzlehttp/guzzle/src/Client.php(333): GuzzleHttp\HandlerStack->__invoke()
#14 /var/www/trademate/vendor/guzzlehttp/guzzle/src/Client.php(169): GuzzleHttp\Client->transfer()
#15 /var/www/trademate/vendor/guzzlehttp/guzzle/src/Client.php(189): GuzzleHttp\Client->requestAsync()
#16 /var/www/trademate/vendor/laravel/framework/src/Illuminate/Http/Client/PendingRequest.php(961): GuzzleHttp\Client->request()
#17 /var/www/trademate/vendor/laravel/framework/src/Illuminate/Http/Client/PendingRequest.php(823): Illuminate\Http\Client\PendingRequest->sendRequest()
#18 /var/www/trademate/vendor/laravel/framework/src/Illuminate/Support/helpers.php(247): Illuminate\Http\Client\PendingRequest->Illuminate\Http\Client\{closure}()
#19 /var/www/trademate/vendor/laravel/framework/src/Illuminate/Http/Client/PendingRequest.php(821): retry()
#20 /var/www/trademate/vendor/laravel/framework/src/Illuminate/Http/Client/PendingRequest.php(727): Illuminate\Http\Client\PendingRequest->send()
#21 /var/www/trademate/app/Libraries/AlphaPo.php(64): Illuminate\Http\Client\PendingRequest->post()
#22 /var/www/trademate/app/Http/Controllers/Frontend/DepositController.php(98): App\Libraries\AlphaPo->createDepositAddress()
#23 /var/www/trademate/vendor/laravel/framework/src/Illuminate/Routing/Controller.php(54): App\Http\Controllers\Frontend\DepositController->depositNow()
#24 /var/www/trademate/vendor/laravel/framework/src/Illuminate/Routing/ControllerDispatcher.php(43): Illuminate\Routing\Controller->callAction()
#25 /var/www/trademate/vendor/laravel/framework/src/Illuminate/Routing/Route.php(259): Illuminate\Routing\ControllerDispatcher->dispatch()
#26 /var/www/trademate/vendor/laravel/framework/src/Illuminate/Routing/Route.php(205): Illuminate\Routing\Route->runController()
#27 /var/www/trademate/vendor/laravel/framework/src/Illuminate/Routing/Router.php(798): Illuminate\Routing\Route->run()
#28 /var/www/trademate/vendor/laravel/framework/src/Illuminate/Pipeline/Pipeline.php(141): Illuminate\Routing\Router->Illuminate\Routing\{closure}()
#29 /var/www/trademate/app/Http/Middleware/CheckDeactivate.php(29): Illuminate\Pipeline\Pipeline->Illuminate\Pipeline\{closure}()
#30 /var/www/trademate/vendor/laravel/framework/src/Illuminate/Pipeline/Pipeline.php(180): App\Http\Middleware\CheckDeactivate->handle()
#31 /var/www/trademate/app/Http/Middleware/TwoFaCheck.php(22): Illuminate\Pipeline\Pipeline->Illuminate\Pipeline\{closure}()
#32 /var/www/trademate/vendor/laravel/framework/src/Illuminate/Pipeline/Pipeline.php(180): App\Http\Middleware\TwoFaCheck->handle()
#33 /var/www/trademate/app/Http/Middleware/Localization.php(23): Illuminate\Pipeline\Pipeline->Illuminate\Pipeline\{closure}()
#34 /var/www/trademate/vendor/laravel/framework/src/Illuminate/Pipeline/Pipeline.php(180): App\Http\Middleware\Localization->handle()
#35 /var/www/trademate/app/Http/Middleware/XSS.php(25): Illuminate\Pipeline\Pipeline->Illuminate\Pipeline\{closure}()
#36 /var/www/trademate/vendor/laravel/framework/src/Illuminate/Pipeline/Pipeline.php(180): App\Http\Middleware\XSS->handle()
#37 /var/www/trademate/app/Http/Middleware/IsMaintenance.php(40): Illuminate\Pipeline\Pipeline->Illuminate\Pipeline\{closure}()
#38 /var/www/trademate/vendor/laravel/framework/src/Illuminate/Pipeline/Pipeline.php(180): App\Http\Middleware\IsMaintenance->handle()
#39 /var/www/trademate/app/Http/Middleware/StoreReferralCode.php(19): Illuminate\Pipeline\Pipeline->Illuminate\Pipeline\{closure}()
#40 /var/www/trademate/vendor/laravel/framework/src/Illuminate/Pipeline/Pipeline.php(180): App\Http\Middleware\StoreReferralCode->handle()
#41 /var/www/trademate/vendor/laravel/framework/src/Illuminate/Routing/Middleware/SubstituteBindings.php(50): Illuminate\Pipeline\Pipeline->Illuminate\Pipeline\{closure}()
#42 /var/www/trademate/vendor/laravel/framework/src/Illuminate/Pipeline/Pipeline.php(180): Illuminate\Routing\Middleware\SubstituteBindings->handle()
#43 /var/www/trademate/vendor/laravel/framework/src/Illuminate/Auth/Middleware/Authenticate.php(44): Illuminate\Pipeline\Pipeline->Illuminate\Pipeline\{closure}()
#44 /var/www/trademate/app/Http/Middleware/Authenticate.php(28): Illuminate\Auth\Middleware\Authenticate->handle()
#45 /var/www/trademate/vendor/laravel/framework/src/Illuminate/Pipeline/Pipeline.php(180): App\Http\Middleware\Authenticate->handle()
#46 /var/www/trademate/vendor/laravel/framework/src/Illuminate/Foundation/Http/Middleware/VerifyCsrfToken.php(78): Illuminate\Pipeline\Pipeline->Illuminate\Pipeline\{closure}()
#47 /var/www/trademate/vendor/laravel/framework/src/Illuminate/Pipeline/Pipeline.php(180): Illuminate\Foundation\Http\Middleware\VerifyCsrfToken->handle()
#48 /var/www/trademate/vendor/laravel/framework/src/Illuminate/View/Middleware/ShareErrorsFromSession.php(49): Illuminate\Pipeline\Pipeline->Illuminate\Pipeline\{closure}()
#49 /var/www/trademate/vendor/laravel/framework/src/Illuminate/Pipeline/Pipeline.php(180): Illuminate\View\Middleware\ShareErrorsFromSession->handle()
#50 /var/www/trademate/vendor/laravel/framework/src/Illuminate/Session/Middleware/StartSession.php(121): Illuminate\Pipeline\Pipeline->Illuminate\Pipeline\{closure}()
#51 /var/www/trademate/vendor/laravel/framework/src/Illuminate/Session/Middleware/StartSession.php(64): Illuminate\Session\Middleware\StartSession->handleStatefulRequest()
#52 /var/www/trademate/vendor/laravel/framework/src/Illuminate/Pipeline/Pipeline.php(180): Illuminate\Session\Middleware\StartSession->handle()
#53 /var/www/trademate/vendor/laravel/framework/src/Illuminate/Cookie/Middleware/AddQueuedCookiesToResponse.php(37): Illuminate\Pipeline\Pipeline->Illuminate\Pipeline\{closure}()
#54 /var/www/trademate/vendor/laravel/framework/src/Illuminate/Pipeline/Pipeline.php(180): Illuminate\Cookie\Middleware\AddQueuedCookiesToResponse->handle()
#55 /var/www/trademate/vendor/laravel/framework/src/Illuminate/Cookie/Middleware/EncryptCookies.php(67): Illuminate\Pipeline\Pipeline->Illuminate\Pipeline\{closure}()
#56 /var/www/trademate/vendor/laravel/framework/src/Illuminate/Pipeline/Pipeline.php(180): Illuminate\Cookie\Middleware\EncryptCookies->handle()
#57 /var/www/trademate/vendor/laravel/framework/src/Illuminate/Pipeline/Pipeline.php(116): Illuminate\Pipeline\Pipeline->Illuminate\Pipeline\{closure}()
#58 /var/www/trademate/vendor/laravel/framework/src/Illuminate/Routing/Router.php(797): Illuminate\Pipeline\Pipeline->then()
#59 /var/www/trademate/vendor/laravel/framework/src/Illuminate/Routing/Router.php(776): Illuminate\Routing\Router->runRouteWithinStack()
#60 /var/www/trademate/vendor/laravel/framework/src/Illuminate/Routing/Router.php(740): Illuminate\Routing\Router->runRoute()
#61 /var/www/trademate/vendor/laravel/framework/src/Illuminate/Routing/Router.php(729): Illuminate\Routing\Router->dispatchToRoute()
#62 /var/www/trademate/vendor/laravel/framework/src/Illuminate/Foundation/Http/Kernel.php(190): Illuminate\Routing\Router->dispatch()
#63 /var/www/trademate/vendor/laravel/framework/src/Illuminate/Pipeline/Pipeline.php(141): Illuminate\Foundation\Http\Kernel->Illuminate\Foundation\Http\{closure}()
#64 /var/www/trademate/vendor/barryvdh/laravel-debugbar/src/Middleware/InjectDebugbar.php(59): Illuminate\Pipeline\Pipeline->Illuminate\Pipeline\{closure}()
#65 /var/www/trademate/vendor/laravel/framework/src/Illuminate/Pipeline/Pipeline.php(180): Barryvdh\Debugbar\Middleware\InjectDebugbar->handle()
#66 /var/www/trademate/app/Http/Middleware/SecureHeaders.php(25): Illuminate\Pipeline\Pipeline->Illuminate\Pipeline\{closure}()
#67 /var/www/trademate/vendor/laravel/framework/src/Illuminate/Pipeline/Pipeline.php(180): App\Http\Middleware\SecureHeaders->handle()
#68 /var/www/trademate/vendor/laravel/framework/src/Illuminate/Foundation/Http/Middleware/TransformsRequest.php(21): Illuminate\Pipeline\Pipeline->Illuminate\Pipeline\{closure}()
#69 /var/www/trademate/vendor/laravel/framework/src/Illuminate/Foundation/Http/Middleware/ConvertEmptyStringsToNull.php(31): Illuminate\Foundation\Http\Middleware\TransformsRequest->handle()
#70 /var/www/trademate/vendor/laravel/framework/src/Illuminate/Pipeline/Pipeline.php(180): Illuminate\Foundation\Http\Middleware\ConvertEmptyStringsToNull->handle()
#71 /var/www/trademate/vendor/laravel/framework/src/Illuminate/Foundation/Http/Middleware/TransformsRequest.php(21): Illuminate\Pipeline\Pipeline->Illuminate\Pipeline\{closure}()
#72 /var/www/trademate/vendor/laravel/framework/src/Illuminate/Foundation/Http/Middleware/TrimStrings.php(40): Illuminate\Foundation\Http\Middleware\TransformsRequest->handle()
#73 /var/www/trademate/vendor/laravel/framework/src/Illuminate/Pipeline/Pipeline.php(180): Illuminate\Foundation\Http\Middleware\TrimStrings->handle()
#74 /var/www/trademate/vendor/laravel/framework/src/Illuminate/Foundation/Http/Middleware/ValidatePostSize.php(27): Illuminate\Pipeline\Pipeline->Illuminate\Pipeline\{closure}()
#75 /var/www/trademate/vendor/laravel/framework/src/Illuminate/Pipeline/Pipeline.php(180): Illuminate\Foundation\Http\Middleware\ValidatePostSize->handle()
#76 /var/www/trademate/vendor/laravel/framework/src/Illuminate/Foundation/Http/Middleware/PreventRequestsDuringMaintenance.php(86): Illuminate\Pipeline\Pipeline->Illuminate\Pipeline\{closure}()
#77 /var/www/trademate/vendor/laravel/framework/src/Illuminate/Pipeline/Pipeline.php(180): Illuminate\Foundation\Http\Middleware\PreventRequestsDuringMaintenance->handle()
#78 /var/www/trademate/vendor/laravel/framework/src/Illuminate/Http/Middleware/HandleCors.php(49): Illuminate\Pipeline\Pipeline->Illuminate\Pipeline\{closure}()
#79 /var/www/trademate/vendor/laravel/framework/src/Illuminate/Pipeline/Pipeline.php(180): Illuminate\Http\Middleware\HandleCors->handle()
#80 /var/www/trademate/vendor/laravel/framework/src/Illuminate/Http/Middleware/TrustProxies.php(39): Illuminate\Pipeline\Pipeline->Illuminate\Pipeline\{closure}()
#81 /var/www/trademate/vendor/laravel/framework/src/Illuminate/Pipeline/Pipeline.php(180): Illuminate\Http\Middleware\TrustProxies->handle()
#82 /var/www/trademate/vendor/laravel/framework/src/Illuminate/Pipeline/Pipeline.php(116): Illuminate\Pipeline\Pipeline->Illuminate\Pipeline\{closure}()
#83 /var/www/trademate/vendor/laravel/framework/src/Illuminate/Foundation/Http/Kernel.php(165): Illuminate\Pipeline\Pipeline->then()
#84 /var/www/trademate/vendor/laravel/framework/src/Illuminate/Foundation/Http/Kernel.php(134): Illuminate\Foundation\Http\Kernel->sendRequestThroughRouter()
#85 /var/www/trademate/public/index.php(51): Illuminate\Foundation\Http\Kernel->handle()
#86 /var/www/trademate/vendor/laravel/framework/src/Illuminate/Foundation/resources/server.php(16): require_once('...')
#87 {main}

Next Illuminate\Http\Client\ConnectionException: cURL error 6: Could not resolve host: addresses (see https://curl.haxx.se/libcurl/c/libcurl-errors.html) for addresses/take in /var/www/trademate/vendor/laravel/framework/src/Illuminate/Http/Client/PendingRequest.php:855
Stack trace:
#0 /var/www/trademate/vendor/laravel/framework/src/Illuminate/Support/helpers.php(247): Illuminate\Http\Client\PendingRequest->Illuminate\Http\Client\{closure}()
#1 /var/www/trademate/vendor/laravel/framework/src/Illuminate/Http/Client/PendingRequest.php(821): retry()
#2 /var/www/trademate/vendor/laravel/framework/src/Illuminate/Http/Client/PendingRequest.php(727): Illuminate\Http\Client\PendingRequest->send()
#3 /var/www/trademate/app/Libraries/AlphaPo.php(64): Illuminate\Http\Client\PendingRequest->post()
#4 /var/www/trademate/app/Http/Controllers/Frontend/DepositController.php(98): App\Libraries\AlphaPo->createDepositAddress()
#5 /var/www/trademate/vendor/laravel/framework/src/Illuminate/Routing/Controller.php(54): App\Http\Controllers\Frontend\DepositController->depositNow()
#6 /var/www/trademate/vendor/laravel/framework/src/Illuminate/Routing/ControllerDispatcher.php(43): Illuminate\Routing\Controller->callAction()
#7 /var/www/trademate/vendor/laravel/framework/src/Illuminate/Routing/Route.php(259): Illuminate\Routing\ControllerDispatcher->dispatch()
#8 /var/www/trademate/vendor/laravel/framework/src/Illuminate/Routing/Route.php(205): Illuminate\Routing\Route->runController()
#9 /var/www/trademate/vendor/laravel/framework/src/Illuminate/Routing/Router.php(798): Illuminate\Routing\Route->run()
#10 /var/www/trademate/vendor/laravel/framework/src/Illuminate/Pipeline/Pipeline.php(141): Illuminate\Routing\Router->Illuminate\Routing\{closure}()
#11 /var/www/trademate/app/Http/Middleware/CheckDeactivate.php(29): Illuminate\Pipeline\Pipeline->Illuminate\Pipeline\{closure}()
#12 /var/www/trademate/vendor/laravel/framework/src/Illuminate/Pipeline/Pipeline.php(180): App\Http\Middleware\CheckDeactivate->handle()
#13 /var/www/trademate/app/Http/Middleware/TwoFaCheck.php(22): Illuminate\Pipeline\Pipeline->Illuminate\Pipeline\{closure}()
#14 /var/www/trademate/vendor/laravel/framework/src/Illuminate/Pipeline/Pipeline.php(180): App\Http\Middleware\TwoFaCheck->handle()
#15 /var/www/trademate/app/Http/Middleware/Localization.php(23): Illuminate\Pipeline\Pipeline->Illuminate\Pipeline\{closure}()
#16 /var/www/trademate/vendor/laravel/framework/src/Illuminate/Pipeline/Pipeline.php(180): App\Http\Middleware\Localization->handle()
#17 /var/www/trademate/app/Http/Middleware/XSS.php(25): Illuminate\Pipeline\Pipeline->Illuminate\Pipeline\{closure}()
#18 /var/www/trademate/vendor/laravel/framework/src/Illuminate/Pipeline/Pipeline.php(180): App\Http\Middleware\XSS->handle()
#19 /var/www/trademate/app/Http/Middleware/IsMaintenance.php(40): Illuminate\Pipeline\Pipeline->Illuminate\Pipeline\{closure}()
#20 /var/www/trademate/vendor/laravel/framework/src/Illuminate/Pipeline/Pipeline.php(180): App\Http\Middleware\IsMaintenance->handle()
#21 /var/www/trademate/app/Http/Middleware/StoreReferralCode.php(19): Illuminate\Pipeline\Pipeline->Illuminate\Pipeline\{closure}()
#22 /var/www/trademate/vendor/laravel/framework/src/Illuminate/Pipeline/Pipeline.php(180): App\Http\Middleware\StoreReferralCode->handle()
#23 /var/www/trademate/vendor/laravel/framework/src/Illuminate/Routing/Middleware/SubstituteBindings.php(50): Illuminate\Pipeline\Pipeline->Illuminate\Pipeline\{closure}()
#24 /var/www/trademate/vendor/laravel/framework/src/Illuminate/Pipeline/Pipeline.php(180): Illuminate\Routing\Middleware\SubstituteBindings->handle()
#25 /var/www/trademate/vendor/laravel/framework/src/Illuminate/Auth/Middleware/Authenticate.php(44): Illuminate\Pipeline\Pipeline->Illuminate\Pipeline\{closure}()
#26 /var/www/trademate/app/Http/Middleware/Authenticate.php(28): Illuminate\Auth\Middleware\Authenticate->handle()
#27 /var/www/trademate/vendor/laravel/framework/src/Illuminate/Pipeline/Pipeline.php(180): App\Http\Middleware\Authenticate->handle()
#28 /var/www/trademate/vendor/laravel/framework/src/Illuminate/Foundation/Http/Middleware/VerifyCsrfToken.php(78): Illuminate\Pipeline\Pipeline->Illuminate\Pipeline\{closure}()
#29 /var/www/trademate/vendor/laravel/framework/src/Illuminate/Pipeline/Pipeline.php(180): Illuminate\Foundation\Http\Middleware\VerifyCsrfToken->handle()
#30 /var/www/trademate/vendor/laravel/framework/src/Illuminate/View/Middleware/ShareErrorsFromSession.php(49): Illuminate\Pipeline\Pipeline->Illuminate\Pipeline\{closure}()
#31 /var/www/trademate/vendor/laravel/framework/src/Illuminate/Pipeline/Pipeline.php(180): Illuminate\View\Middleware\ShareErrorsFromSession->handle()
#32 /var/www/trademate/vendor/laravel/framework/src/Illuminate/Session/Middleware/StartSession.php(121): Illuminate\Pipeline\Pipeline->Illuminate\Pipeline\{closure}()
#33 /var/www/trademate/vendor/laravel/framework/src/Illuminate/Session/Middleware/StartSession.php(64): Illuminate\Session\Middleware\StartSession->handleStatefulRequest()
#34 /var/www/trademate/vendor/laravel/framework/src/Illuminate/Pipeline/Pipeline.php(180): Illuminate\Session\Middleware\StartSession->handle()
#35 /var/www/trademate/vendor/laravel/framework/src/Illuminate/Cookie/Middleware/AddQueuedCookiesToResponse.php(37): Illuminate\Pipeline\Pipeline->Illuminate\Pipeline\{closure}()
#36 /var/www/trademate/vendor/laravel/framework/src/Illuminate/Pipeline/Pipeline.php(180): Illuminate\Cookie\Middleware\AddQueuedCookiesToResponse->handle()
#37 /var/www/trademate/vendor/laravel/framework/src/Illuminate/Cookie/Middleware/EncryptCookies.php(67): Illuminate\Pipeline\Pipeline->Illuminate\Pipeline\{closure}()
#38 /var/www/trademate/vendor/laravel/framework/src/Illuminate/Pipeline/Pipeline.php(180): Illuminate\Cookie\Middleware\EncryptCookies->handle()
#39 /var/www/trademate/vendor/laravel/framework/src/Illuminate/Pipeline/Pipeline.php(116): Illuminate\Pipeline\Pipeline->Illuminate\Pipeline\{closure}()
#40 /var/www/trademate/vendor/laravel/framework/src/Illuminate/Routing/Router.php(797): Illuminate\Pipeline\Pipeline->then()
#41 /var/www/trademate/vendor/laravel/framework/src/Illuminate/Routing/Router.php(776): Illuminate\Routing\Router->runRouteWithinStack()
#42 /var/www/trademate/vendor/laravel/framework/src/Illuminate/Routing/Router.php(740): Illuminate\Routing\Router->runRoute()
#43 /var/www/trademate/vendor/laravel/framework/src/Illuminate/Routing/Router.php(729): Illuminate\Routing\Router->dispatchToRoute()
#44 /var/www/trademate/vendor/laravel/framework/src/Illuminate/Foundation/Http/Kernel.php(190): Illuminate\Routing\Router->dispatch()
#45 /var/www/trademate/vendor/laravel/framework/src/Illuminate/Pipeline/Pipeline.php(141): Illuminate\Foundation\Http\Kernel->Illuminate\Foundation\Http\{closure}()
#46 /var/www/trademate/vendor/barryvdh/laravel-debugbar/src/Middleware/InjectDebugbar.php(59): Illuminate\Pipeline\Pipeline->Illuminate\Pipeline\{closure}()
#47 /var/www/trademate/vendor/laravel/framework/src/Illuminate/Pipeline/Pipeline.php(180): Barryvdh\Debugbar\Middleware\InjectDebugbar->handle()
#48 /var/www/trademate/app/Http/Middleware/SecureHeaders.php(25): Illuminate\Pipeline\Pipeline->Illuminate\Pipeline\{closure}()
#49 /var/www/trademate/vendor/laravel/framework/src/Illuminate/Pipeline/Pipeline.php(180): App\Http\Middleware\SecureHeaders->handle()
#50 /var/www/trademate/vendor/laravel/framework/src/Illuminate/Foundation/Http/Middleware/TransformsRequest.php(21): Illuminate\Pipeline\Pipeline->Illuminate\Pipeline\{closure}()
#51 /var/www/trademate/vendor/laravel/framework/src/Illuminate/Foundation/Http/Middleware/ConvertEmptyStringsToNull.php(31): Illuminate\Foundation\Http\Middleware\TransformsRequest->handle()
#52 /var/www/trademate/vendor/laravel/framework/src/Illuminate/Pipeline/Pipeline.php(180): Illuminate\Foundation\Http\Middleware\ConvertEmptyStringsToNull->handle()
#53 /var/www/trademate/vendor/laravel/framework/src/Illuminate/Foundation/Http/Middleware/TransformsRequest.php(21): Illuminate\Pipeline\Pipeline->Illuminate\Pipeline\{closure}()
#54 /var/www/trademate/vendor/laravel/framework/src/Illuminate/Foundation/Http/Middleware/TrimStrings.php(40): Illuminate\Foundation\Http\Middleware\TransformsRequest->handle()
#55 /var/www/trademate/vendor/laravel/framework/src/Illuminate/Pipeline/Pipeline.php(180): Illuminate\Foundation\Http\Middleware\TrimStrings->handle()
#56 /var/www/trademate/vendor/laravel/framework/src/Illuminate/Foundation/Http/Middleware/ValidatePostSize.php(27): Illuminate\Pipeline\Pipeline->Illuminate\Pipeline\{closure}()
#57 /var/www/trademate/vendor/laravel/framework/src/Illuminate/Pipeline/Pipeline.php(180): Illuminate\Foundation\Http\Middleware\ValidatePostSize->handle()
#58 /var/www/trademate/vendor/laravel/framework/src/Illuminate/Foundation/Http/Middleware/PreventRequestsDuringMaintenance.php(86): Illuminate\Pipeline\Pipeline->Illuminate\Pipeline\{closure}()
#59 /var/www/trademate/vendor/laravel/framework/src/Illuminate/Pipeline/Pipeline.php(180): Illuminate\Foundation\Http\Middleware\PreventRequestsDuringMaintenance->handle()
#60 /var/www/trademate/vendor/laravel/framework/src/Illuminate/Http/Middleware/HandleCors.php(49): Illuminate\Pipeline\Pipeline->Illuminate\Pipeline\{closure}()
#61 /var/www/trademate/vendor/laravel/framework/src/Illuminate/Pipeline/Pipeline.php(180): Illuminate\Http\Middleware\HandleCors->handle()
#62 /var/www/trademate/vendor/laravel/framework/src/Illuminate/Http/Middleware/TrustProxies.php(39): Illuminate\Pipeline\Pipeline->Illuminate\Pipeline\{closure}()
#63 /var/www/trademate/vendor/laravel/framework/src/Illuminate/Pipeline/Pipeline.php(180): Illuminate\Http\Middleware\TrustProxies->handle()
#64 /var/www/trademate/vendor/laravel/framework/src/Illuminate/Pipeline/Pipeline.php(116): Illuminate\Pipeline\Pipeline->Illuminate\Pipeline\{closure}()
#65 /var/www/trademate/vendor/laravel/framework/src/Illuminate/Foundation/Http/Kernel.php(165): Illuminate\Pipeline\Pipeline->then()
#66 /var/www/trademate/vendor/laravel/framework/src/Illuminate/Foundation/Http/Kernel.php(134): Illuminate\Foundation\Http\Kernel->sendRequestThroughRouter()
#67 /var/www/trademate/public/index.php(51): Illuminate\Foundation\Http\Kernel->handle()
#68 /var/www/trademate/vendor/laravel/framework/src/Illuminate/Foundation/resources/server.php(16): require_once('...')
#69 {main}  
[2024-01-09 06:38:47] local.ERROR: GuzzleHttp\Exception\ConnectException: cURL error 6: Could not resolve host: addresses (see https://curl.haxx.se/libcurl/c/libcurl-errors.html) for addresses/take in /var/www/trademate/vendor/guzzlehttp/guzzle/src/Handler/CurlFactory.php:210
Stack trace:
#0 /var/www/trademate/vendor/guzzlehttp/guzzle/src/Handler/CurlFactory.php(158): GuzzleHttp\Handler\CurlFactory::createRejection()
#1 /var/www/trademate/vendor/guzzlehttp/guzzle/src/Handler/CurlFactory.php(110): GuzzleHttp\Handler\CurlFactory::finishError()
#2 /var/www/trademate/vendor/guzzlehttp/guzzle/src/Handler/CurlHandler.php(47): GuzzleHttp\Handler\CurlFactory::finish()
#3 /var/www/trademate/vendor/guzzlehttp/guzzle/src/Handler/Proxy.php(28): GuzzleHttp\Handler\CurlHandler->__invoke()
#4 /var/www/trademate/vendor/guzzlehttp/guzzle/src/Handler/Proxy.php(48): GuzzleHttp\Handler\Proxy::GuzzleHttp\Handler\{closure}()
#5 /var/www/trademate/vendor/laravel/framework/src/Illuminate/Http/Client/PendingRequest.php(1150): GuzzleHttp\Handler\Proxy::GuzzleHttp\Handler\{closure}()
#6 /var/www/trademate/vendor/laravel/framework/src/Illuminate/Http/Client/PendingRequest.php(1116): Illuminate\Http\Client\PendingRequest->Illuminate\Http\Client\{closure}()
#7 /var/www/trademate/vendor/laravel/framework/src/Illuminate/Http/Client/PendingRequest.php(1102): Illuminate\Http\Client\PendingRequest->Illuminate\Http\Client\{closure}()
#8 /var/www/trademate/vendor/guzzlehttp/guzzle/src/PrepareBodyMiddleware.php(64): Illuminate\Http\Client\PendingRequest->Illuminate\Http\Client\{closure}()
#9 /var/www/trademate/vendor/guzzlehttp/guzzle/src/Middleware.php(38): GuzzleHttp\PrepareBodyMiddleware->__invoke()
#10 /var/www/trademate/vendor/guzzlehttp/guzzle/src/RedirectMiddleware.php(71): GuzzleHttp\Middleware::GuzzleHttp\{closure}()
#11 /var/www/trademate/vendor/guzzlehttp/guzzle/src/Middleware.php(63): GuzzleHttp\RedirectMiddleware->__invoke()
#12 /var/www/trademate/vendor/guzzlehttp/guzzle/src/HandlerStack.php(75): GuzzleHttp\Middleware::GuzzleHttp\{closure}()
#13 /var/www/trademate/vendor/guzzlehttp/guzzle/src/Client.php(333): GuzzleHttp\HandlerStack->__invoke()
#14 /var/www/trademate/vendor/guzzlehttp/guzzle/src/Client.php(169): GuzzleHttp\Client->transfer()
#15 /var/www/trademate/vendor/guzzlehttp/guzzle/src/Client.php(189): GuzzleHttp\Client->requestAsync()
#16 /var/www/trademate/vendor/laravel/framework/src/Illuminate/Http/Client/PendingRequest.php(961): GuzzleHttp\Client->request()
#17 /var/www/trademate/vendor/laravel/framework/src/Illuminate/Http/Client/PendingRequest.php(823): Illuminate\Http\Client\PendingRequest->sendRequest()
#18 /var/www/trademate/vendor/laravel/framework/src/Illuminate/Support/helpers.php(247): Illuminate\Http\Client\PendingRequest->Illuminate\Http\Client\{closure}()
#19 /var/www/trademate/vendor/laravel/framework/src/Illuminate/Http/Client/PendingRequest.php(821): retry()
#20 /var/www/trademate/vendor/laravel/framework/src/Illuminate/Http/Client/PendingRequest.php(727): Illuminate\Http\Client\PendingRequest->send()
#21 /var/www/trademate/app/Libraries/AlphaPo.php(64): Illuminate\Http\Client\PendingRequest->post()
#22 /var/www/trademate/app/Http/Controllers/Frontend/DepositController.php(101): App\Libraries\AlphaPo->createDepositAddress()
#23 /var/www/trademate/vendor/laravel/framework/src/Illuminate/Routing/Controller.php(54): App\Http\Controllers\Frontend\DepositController->depositNow()
#24 /var/www/trademate/vendor/laravel/framework/src/Illuminate/Routing/ControllerDispatcher.php(43): Illuminate\Routing\Controller->callAction()
#25 /var/www/trademate/vendor/laravel/framework/src/Illuminate/Routing/Route.php(259): Illuminate\Routing\ControllerDispatcher->dispatch()
#26 /var/www/trademate/vendor/laravel/framework/src/Illuminate/Routing/Route.php(205): Illuminate\Routing\Route->runController()
#27 /var/www/trademate/vendor/laravel/framework/src/Illuminate/Routing/Router.php(798): Illuminate\Routing\Route->run()
#28 /var/www/trademate/vendor/laravel/framework/src/Illuminate/Pipeline/Pipeline.php(141): Illuminate\Routing\Router->Illuminate\Routing\{closure}()
#29 /var/www/trademate/app/Http/Middleware/CheckDeactivate.php(29): Illuminate\Pipeline\Pipeline->Illuminate\Pipeline\{closure}()
#30 /var/www/trademate/vendor/laravel/framework/src/Illuminate/Pipeline/Pipeline.php(180): App\Http\Middleware\CheckDeactivate->handle()
#31 /var/www/trademate/app/Http/Middleware/TwoFaCheck.php(22): Illuminate\Pipeline\Pipeline->Illuminate\Pipeline\{closure}()
#32 /var/www/trademate/vendor/laravel/framework/src/Illuminate/Pipeline/Pipeline.php(180): App\Http\Middleware\TwoFaCheck->handle()
#33 /var/www/trademate/app/Http/Middleware/Localization.php(23): Illuminate\Pipeline\Pipeline->Illuminate\Pipeline\{closure}()
#34 /var/www/trademate/vendor/laravel/framework/src/Illuminate/Pipeline/Pipeline.php(180): App\Http\Middleware\Localization->handle()
#35 /var/www/trademate/app/Http/Middleware/XSS.php(25): Illuminate\Pipeline\Pipeline->Illuminate\Pipeline\{closure}()
#36 /var/www/trademate/vendor/laravel/framework/src/Illuminate/Pipeline/Pipeline.php(180): App\Http\Middleware\XSS->handle()
#37 /var/www/trademate/app/Http/Middleware/IsMaintenance.php(40): Illuminate\Pipeline\Pipeline->Illuminate\Pipeline\{closure}()
#38 /var/www/trademate/vendor/laravel/framework/src/Illuminate/Pipeline/Pipeline.php(180): App\Http\Middleware\IsMaintenance->handle()
#39 /var/www/trademate/app/Http/Middleware/StoreReferralCode.php(19): Illuminate\Pipeline\Pipeline->Illuminate\Pipeline\{closure}()
#40 /var/www/trademate/vendor/laravel/framework/src/Illuminate/Pipeline/Pipeline.php(180): App\Http\Middleware\StoreReferralCode->handle()
#41 /var/www/trademate/vendor/laravel/framework/src/Illuminate/Routing/Middleware/SubstituteBindings.php(50): Illuminate\Pipeline\Pipeline->Illuminate\Pipeline\{closure}()
#42 /var/www/trademate/vendor/laravel/framework/src/Illuminate/Pipeline/Pipeline.php(180): Illuminate\Routing\Middleware\SubstituteBindings->handle()
#43 /var/www/trademate/vendor/laravel/framework/src/Illuminate/Auth/Middleware/Authenticate.php(44): Illuminate\Pipeline\Pipeline->Illuminate\Pipeline\{closure}()
#44 /var/www/trademate/app/Http/Middleware/Authenticate.php(28): Illuminate\Auth\Middleware\Authenticate->handle()
#45 /var/www/trademate/vendor/laravel/framework/src/Illuminate/Pipeline/Pipeline.php(180): App\Http\Middleware\Authenticate->handle()
#46 /var/www/trademate/vendor/laravel/framework/src/Illuminate/Foundation/Http/Middleware/VerifyCsrfToken.php(78): Illuminate\Pipeline\Pipeline->Illuminate\Pipeline\{closure}()
#47 /var/www/trademate/vendor/laravel/framework/src/Illuminate/Pipeline/Pipeline.php(180): Illuminate\Foundation\Http\Middleware\VerifyCsrfToken->handle()
#48 /var/www/trademate/vendor/laravel/framework/src/Illuminate/View/Middleware/ShareErrorsFromSession.php(49): Illuminate\Pipeline\Pipeline->Illuminate\Pipeline\{closure}()
#49 /var/www/trademate/vendor/laravel/framework/src/Illuminate/Pipeline/Pipeline.php(180): Illuminate\View\Middleware\ShareErrorsFromSession->handle()
#50 /var/www/trademate/vendor/laravel/framework/src/Illuminate/Session/Middleware/StartSession.php(121): Illuminate\Pipeline\Pipeline->Illuminate\Pipeline\{closure}()
#51 /var/www/trademate/vendor/laravel/framework/src/Illuminate/Session/Middleware/StartSession.php(64): Illuminate\Session\Middleware\StartSession->handleStatefulRequest()
#52 /var/www/trademate/vendor/laravel/framework/src/Illuminate/Pipeline/Pipeline.php(180): Illuminate\Session\Middleware\StartSession->handle()
#53 /var/www/trademate/vendor/laravel/framework/src/Illuminate/Cookie/Middleware/AddQueuedCookiesToResponse.php(37): Illuminate\Pipeline\Pipeline->Illuminate\Pipeline\{closure}()
#54 /var/www/trademate/vendor/laravel/framework/src/Illuminate/Pipeline/Pipeline.php(180): Illuminate\Cookie\Middleware\AddQueuedCookiesToResponse->handle()
#55 /var/www/trademate/vendor/laravel/framework/src/Illuminate/Cookie/Middleware/EncryptCookies.php(67): Illuminate\Pipeline\Pipeline->Illuminate\Pipeline\{closure}()
#56 /var/www/trademate/vendor/laravel/framework/src/Illuminate/Pipeline/Pipeline.php(180): Illuminate\Cookie\Middleware\EncryptCookies->handle()
#57 /var/www/trademate/vendor/laravel/framework/src/Illuminate/Pipeline/Pipeline.php(116): Illuminate\Pipeline\Pipeline->Illuminate\Pipeline\{closure}()
#58 /var/www/trademate/vendor/laravel/framework/src/Illuminate/Routing/Router.php(797): Illuminate\Pipeline\Pipeline->then()
#59 /var/www/trademate/vendor/laravel/framework/src/Illuminate/Routing/Router.php(776): Illuminate\Routing\Router->runRouteWithinStack()
#60 /var/www/trademate/vendor/laravel/framework/src/Illuminate/Routing/Router.php(740): Illuminate\Routing\Router->runRoute()
#61 /var/www/trademate/vendor/laravel/framework/src/Illuminate/Routing/Router.php(729): Illuminate\Routing\Router->dispatchToRoute()
#62 /var/www/trademate/vendor/laravel/framework/src/Illuminate/Foundation/Http/Kernel.php(190): Illuminate\Routing\Router->dispatch()
#63 /var/www/trademate/vendor/laravel/framework/src/Illuminate/Pipeline/Pipeline.php(141): Illuminate\Foundation\Http\Kernel->Illuminate\Foundation\Http\{closure}()
#64 /var/www/trademate/vendor/barryvdh/laravel-debugbar/src/Middleware/InjectDebugbar.php(59): Illuminate\Pipeline\Pipeline->Illuminate\Pipeline\{closure}()
#65 /var/www/trademate/vendor/laravel/framework/src/Illuminate/Pipeline/Pipeline.php(180): Barryvdh\Debugbar\Middleware\InjectDebugbar->handle()
#66 /var/www/trademate/app/Http/Middleware/SecureHeaders.php(25): Illuminate\Pipeline\Pipeline->Illuminate\Pipeline\{closure}()
#67 /var/www/trademate/vendor/laravel/framework/src/Illuminate/Pipeline/Pipeline.php(180): App\Http\Middleware\SecureHeaders->handle()
#68 /var/www/trademate/vendor/laravel/framework/src/Illuminate/Foundation/Http/Middleware/TransformsRequest.php(21): Illuminate\Pipeline\Pipeline->Illuminate\Pipeline\{closure}()
#69 /var/www/trademate/vendor/laravel/framework/src/Illuminate/Foundation/Http/Middleware/ConvertEmptyStringsToNull.php(31): Illuminate\Foundation\Http\Middleware\TransformsRequest->handle()
#70 /var/www/trademate/vendor/laravel/framework/src/Illuminate/Pipeline/Pipeline.php(180): Illuminate\Foundation\Http\Middleware\ConvertEmptyStringsToNull->handle()
#71 /var/www/trademate/vendor/laravel/framework/src/Illuminate/Foundation/Http/Middleware/TransformsRequest.php(21): Illuminate\Pipeline\Pipeline->Illuminate\Pipeline\{closure}()
#72 /var/www/trademate/vendor/laravel/framework/src/Illuminate/Foundation/Http/Middleware/TrimStrings.php(40): Illuminate\Foundation\Http\Middleware\TransformsRequest->handle()
#73 /var/www/trademate/vendor/laravel/framework/src/Illuminate/Pipeline/Pipeline.php(180): Illuminate\Foundation\Http\Middleware\TrimStrings->handle()
#74 /var/www/trademate/vendor/laravel/framework/src/Illuminate/Foundation/Http/Middleware/ValidatePostSize.php(27): Illuminate\Pipeline\Pipeline->Illuminate\Pipeline\{closure}()
#75 /var/www/trademate/vendor/laravel/framework/src/Illuminate/Pipeline/Pipeline.php(180): Illuminate\Foundation\Http\Middleware\ValidatePostSize->handle()
#76 /var/www/trademate/vendor/laravel/framework/src/Illuminate/Foundation/Http/Middleware/PreventRequestsDuringMaintenance.php(86): Illuminate\Pipeline\Pipeline->Illuminate\Pipeline\{closure}()
#77 /var/www/trademate/vendor/laravel/framework/src/Illuminate/Pipeline/Pipeline.php(180): Illuminate\Foundation\Http\Middleware\PreventRequestsDuringMaintenance->handle()
#78 /var/www/trademate/vendor/laravel/framework/src/Illuminate/Http/Middleware/HandleCors.php(49): Illuminate\Pipeline\Pipeline->Illuminate\Pipeline\{closure}()
#79 /var/www/trademate/vendor/laravel/framework/src/Illuminate/Pipeline/Pipeline.php(180): Illuminate\Http\Middleware\HandleCors->handle()
#80 /var/www/trademate/vendor/laravel/framework/src/Illuminate/Http/Middleware/TrustProxies.php(39): Illuminate\Pipeline\Pipeline->Illuminate\Pipeline\{closure}()
#81 /var/www/trademate/vendor/laravel/framework/src/Illuminate/Pipeline/Pipeline.php(180): Illuminate\Http\Middleware\TrustProxies->handle()
#82 /var/www/trademate/vendor/laravel/framework/src/Illuminate/Pipeline/Pipeline.php(116): Illuminate\Pipeline\Pipeline->Illuminate\Pipeline\{closure}()
#83 /var/www/trademate/vendor/laravel/framework/src/Illuminate/Foundation/Http/Kernel.php(165): Illuminate\Pipeline\Pipeline->then()
#84 /var/www/trademate/vendor/laravel/framework/src/Illuminate/Foundation/Http/Kernel.php(134): Illuminate\Foundation\Http\Kernel->sendRequestThroughRouter()
#85 /var/www/trademate/public/index.php(51): Illuminate\Foundation\Http\Kernel->handle()
#86 /var/www/trademate/vendor/laravel/framework/src/Illuminate/Foundation/resources/server.php(16): require_once('...')
#87 {main}

Next Illuminate\Http\Client\ConnectionException: cURL error 6: Could not resolve host: addresses (see https://curl.haxx.se/libcurl/c/libcurl-errors.html) for addresses/take in /var/www/trademate/vendor/laravel/framework/src/Illuminate/Http/Client/PendingRequest.php:855
Stack trace:
#0 /var/www/trademate/vendor/laravel/framework/src/Illuminate/Support/helpers.php(247): Illuminate\Http\Client\PendingRequest->Illuminate\Http\Client\{closure}()
#1 /var/www/trademate/vendor/laravel/framework/src/Illuminate/Http/Client/PendingRequest.php(821): retry()
#2 /var/www/trademate/vendor/laravel/framework/src/Illuminate/Http/Client/PendingRequest.php(727): Illuminate\Http\Client\PendingRequest->send()
#3 /var/www/trademate/app/Libraries/AlphaPo.php(64): Illuminate\Http\Client\PendingRequest->post()
#4 /var/www/trademate/app/Http/Controllers/Frontend/DepositController.php(101): App\Libraries\AlphaPo->createDepositAddress()
#5 /var/www/trademate/vendor/laravel/framework/src/Illuminate/Routing/Controller.php(54): App\Http\Controllers\Frontend\DepositController->depositNow()
#6 /var/www/trademate/vendor/laravel/framework/src/Illuminate/Routing/ControllerDispatcher.php(43): Illuminate\Routing\Controller->callAction()
#7 /var/www/trademate/vendor/laravel/framework/src/Illuminate/Routing/Route.php(259): Illuminate\Routing\ControllerDispatcher->dispatch()
#8 /var/www/trademate/vendor/laravel/framework/src/Illuminate/Routing/Route.php(205): Illuminate\Routing\Route->runController()
#9 /var/www/trademate/vendor/laravel/framework/src/Illuminate/Routing/Router.php(798): Illuminate\Routing\Route->run()
#10 /var/www/trademate/vendor/laravel/framework/src/Illuminate/Pipeline/Pipeline.php(141): Illuminate\Routing\Router->Illuminate\Routing\{closure}()
#11 /var/www/trademate/app/Http/Middleware/CheckDeactivate.php(29): Illuminate\Pipeline\Pipeline->Illuminate\Pipeline\{closure}()
#12 /var/www/trademate/vendor/laravel/framework/src/Illuminate/Pipeline/Pipeline.php(180): App\Http\Middleware\CheckDeactivate->handle()
#13 /var/www/trademate/app/Http/Middleware/TwoFaCheck.php(22): Illuminate\Pipeline\Pipeline->Illuminate\Pipeline\{closure}()
#14 /var/www/trademate/vendor/laravel/framework/src/Illuminate/Pipeline/Pipeline.php(180): App\Http\Middleware\TwoFaCheck->handle()
#15 /var/www/trademate/app/Http/Middleware/Localization.php(23): Illuminate\Pipeline\Pipeline->Illuminate\Pipeline\{closure}()
#16 /var/www/trademate/vendor/laravel/framework/src/Illuminate/Pipeline/Pipeline.php(180): App\Http\Middleware\Localization->handle()
#17 /var/www/trademate/app/Http/Middleware/XSS.php(25): Illuminate\Pipeline\Pipeline->Illuminate\Pipeline\{closure}()
#18 /var/www/trademate/vendor/laravel/framework/src/Illuminate/Pipeline/Pipeline.php(180): App\Http\Middleware\XSS->handle()
#19 /var/www/trademate/app/Http/Middleware/IsMaintenance.php(40): Illuminate\Pipeline\Pipeline->Illuminate\Pipeline\{closure}()
#20 /var/www/trademate/vendor/laravel/framework/src/Illuminate/Pipeline/Pipeline.php(180): App\Http\Middleware\IsMaintenance->handle()
#21 /var/www/trademate/app/Http/Middleware/StoreReferralCode.php(19): Illuminate\Pipeline\Pipeline->Illuminate\Pipeline\{closure}()
#22 /var/www/trademate/vendor/laravel/framework/src/Illuminate/Pipeline/Pipeline.php(180): App\Http\Middleware\StoreReferralCode->handle()
#23 /var/www/trademate/vendor/laravel/framework/src/Illuminate/Routing/Middleware/SubstituteBindings.php(50): Illuminate\Pipeline\Pipeline->Illuminate\Pipeline\{closure}()
#24 /var/www/trademate/vendor/laravel/framework/src/Illuminate/Pipeline/Pipeline.php(180): Illuminate\Routing\Middleware\SubstituteBindings->handle()
#25 /var/www/trademate/vendor/laravel/framework/src/Illuminate/Auth/Middleware/Authenticate.php(44): Illuminate\Pipeline\Pipeline->Illuminate\Pipeline\{closure}()
#26 /var/www/trademate/app/Http/Middleware/Authenticate.php(28): Illuminate\Auth\Middleware\Authenticate->handle()
#27 /var/www/trademate/vendor/laravel/framework/src/Illuminate/Pipeline/Pipeline.php(180): App\Http\Middleware\Authenticate->handle()
#28 /var/www/trademate/vendor/laravel/framework/src/Illuminate/Foundation/Http/Middleware/VerifyCsrfToken.php(78): Illuminate\Pipeline\Pipeline->Illuminate\Pipeline\{closure}()
#29 /var/www/trademate/vendor/laravel/framework/src/Illuminate/Pipeline/Pipeline.php(180): Illuminate\Foundation\Http\Middleware\VerifyCsrfToken->handle()
#30 /var/www/trademate/vendor/laravel/framework/src/Illuminate/View/Middleware/ShareErrorsFromSession.php(49): Illuminate\Pipeline\Pipeline->Illuminate\Pipeline\{closure}()
#31 /var/www/trademate/vendor/laravel/framework/src/Illuminate/Pipeline/Pipeline.php(180): Illuminate\View\Middleware\ShareErrorsFromSession->handle()
#32 /var/www/trademate/vendor/laravel/framework/src/Illuminate/Session/Middleware/StartSession.php(121): Illuminate\Pipeline\Pipeline->Illuminate\Pipeline\{closure}()
#33 /var/www/trademate/vendor/laravel/framework/src/Illuminate/Session/Middleware/StartSession.php(64): Illuminate\Session\Middleware\StartSession->handleStatefulRequest()
#34 /var/www/trademate/vendor/laravel/framework/src/Illuminate/Pipeline/Pipeline.php(180): Illuminate\Session\Middleware\StartSession->handle()
#35 /var/www/trademate/vendor/laravel/framework/src/Illuminate/Cookie/Middleware/AddQueuedCookiesToResponse.php(37): Illuminate\Pipeline\Pipeline->Illuminate\Pipeline\{closure}()
#36 /var/www/trademate/vendor/laravel/framework/src/Illuminate/Pipeline/Pipeline.php(180): Illuminate\Cookie\Middleware\AddQueuedCookiesToResponse->handle()
#37 /var/www/trademate/vendor/laravel/framework/src/Illuminate/Cookie/Middleware/EncryptCookies.php(67): Illuminate\Pipeline\Pipeline->Illuminate\Pipeline\{closure}()
#38 /var/www/trademate/vendor/laravel/framework/src/Illuminate/Pipeline/Pipeline.php(180): Illuminate\Cookie\Middleware\EncryptCookies->handle()
#39 /var/www/trademate/vendor/laravel/framework/src/Illuminate/Pipeline/Pipeline.php(116): Illuminate\Pipeline\Pipeline->Illuminate\Pipeline\{closure}()
#40 /var/www/trademate/vendor/laravel/framework/src/Illuminate/Routing/Router.php(797): Illuminate\Pipeline\Pipeline->then()
#41 /var/www/trademate/vendor/laravel/framework/src/Illuminate/Routing/Router.php(776): Illuminate\Routing\Router->runRouteWithinStack()
#42 /var/www/trademate/vendor/laravel/framework/src/Illuminate/Routing/Router.php(740): Illuminate\Routing\Router->runRoute()
#43 /var/www/trademate/vendor/laravel/framework/src/Illuminate/Routing/Router.php(729): Illuminate\Routing\Router->dispatchToRoute()
#44 /var/www/trademate/vendor/laravel/framework/src/Illuminate/Foundation/Http/Kernel.php(190): Illuminate\Routing\Router->dispatch()
#45 /var/www/trademate/vendor/laravel/framework/src/Illuminate/Pipeline/Pipeline.php(141): Illuminate\Foundation\Http\Kernel->Illuminate\Foundation\Http\{closure}()
#46 /var/www/trademate/vendor/barryvdh/laravel-debugbar/src/Middleware/InjectDebugbar.php(59): Illuminate\Pipeline\Pipeline->Illuminate\Pipeline\{closure}()
#47 /var/www/trademate/vendor/laravel/framework/src/Illuminate/Pipeline/Pipeline.php(180): Barryvdh\Debugbar\Middleware\InjectDebugbar->handle()
#48 /var/www/trademate/app/Http/Middleware/SecureHeaders.php(25): Illuminate\Pipeline\Pipeline->Illuminate\Pipeline\{closure}()
#49 /var/www/trademate/vendor/laravel/framework/src/Illuminate/Pipeline/Pipeline.php(180): App\Http\Middleware\SecureHeaders->handle()
#50 /var/www/trademate/vendor/laravel/framework/src/Illuminate/Foundation/Http/Middleware/TransformsRequest.php(21): Illuminate\Pipeline\Pipeline->Illuminate\Pipeline\{closure}()
#51 /var/www/trademate/vendor/laravel/framework/src/Illuminate/Foundation/Http/Middleware/ConvertEmptyStringsToNull.php(31): Illuminate\Foundation\Http\Middleware\TransformsRequest->handle()
#52 /var/www/trademate/vendor/laravel/framework/src/Illuminate/Pipeline/Pipeline.php(180): Illuminate\Foundation\Http\Middleware\ConvertEmptyStringsToNull->handle()
#53 /var/www/trademate/vendor/laravel/framework/src/Illuminate/Foundation/Http/Middleware/TransformsRequest.php(21): Illuminate\Pipeline\Pipeline->Illuminate\Pipeline\{closure}()
#54 /var/www/trademate/vendor/laravel/framework/src/Illuminate/Foundation/Http/Middleware/TrimStrings.php(40): Illuminate\Foundation\Http\Middleware\TransformsRequest->handle()
#55 /var/www/trademate/vendor/laravel/framework/src/Illuminate/Pipeline/Pipeline.php(180): Illuminate\Foundation\Http\Middleware\TrimStrings->handle()
#56 /var/www/trademate/vendor/laravel/framework/src/Illuminate/Foundation/Http/Middleware/ValidatePostSize.php(27): Illuminate\Pipeline\Pipeline->Illuminate\Pipeline\{closure}()
#57 /var/www/trademate/vendor/laravel/framework/src/Illuminate/Pipeline/Pipeline.php(180): Illuminate\Foundation\Http\Middleware\ValidatePostSize->handle()
#58 /var/www/trademate/vendor/laravel/framework/src/Illuminate/Foundation/Http/Middleware/PreventRequestsDuringMaintenance.php(86): Illuminate\Pipeline\Pipeline->Illuminate\Pipeline\{closure}()
#59 /var/www/trademate/vendor/laravel/framework/src/Illuminate/Pipeline/Pipeline.php(180): Illuminate\Foundation\Http\Middleware\PreventRequestsDuringMaintenance->handle()
#60 /var/www/trademate/vendor/laravel/framework/src/Illuminate/Http/Middleware/HandleCors.php(49): Illuminate\Pipeline\Pipeline->Illuminate\Pipeline\{closure}()
#61 /var/www/trademate/vendor/laravel/framework/src/Illuminate/Pipeline/Pipeline.php(180): Illuminate\Http\Middleware\HandleCors->handle()
#62 /var/www/trademate/vendor/laravel/framework/src/Illuminate/Http/Middleware/TrustProxies.php(39): Illuminate\Pipeline\Pipeline->Illuminate\Pipeline\{closure}()
#63 /var/www/trademate/vendor/laravel/framework/src/Illuminate/Pipeline/Pipeline.php(180): Illuminate\Http\Middleware\TrustProxies->handle()
#64 /var/www/trademate/vendor/laravel/framework/src/Illuminate/Pipeline/Pipeline.php(116): Illuminate\Pipeline\Pipeline->Illuminate\Pipeline\{closure}()
#65 /var/www/trademate/vendor/laravel/framework/src/Illuminate/Foundation/Http/Kernel.php(165): Illuminate\Pipeline\Pipeline->then()
#66 /var/www/trademate/vendor/laravel/framework/src/Illuminate/Foundation/Http/Kernel.php(134): Illuminate\Foundation\Http\Kernel->sendRequestThroughRouter()
#67 /var/www/trademate/public/index.php(51): Illuminate\Foundation\Http\Kernel->handle()
#68 /var/www/trademate/vendor/laravel/framework/src/Illuminate/Foundation/resources/server.php(16): require_once('...')
#69 {main}  
[2024-01-09 06:45:09] local.ERROR: GuzzleHttp\Exception\ConnectException: cURL error 6: Could not resolve host: addresses (see https://curl.haxx.se/libcurl/c/libcurl-errors.html) for addresses/take in /var/www/trademate/vendor/guzzlehttp/guzzle/src/Handler/CurlFactory.php:210
Stack trace:
#0 /var/www/trademate/vendor/guzzlehttp/guzzle/src/Handler/CurlFactory.php(158): GuzzleHttp\Handler\CurlFactory::createRejection()
#1 /var/www/trademate/vendor/guzzlehttp/guzzle/src/Handler/CurlFactory.php(110): GuzzleHttp\Handler\CurlFactory::finishError()
#2 /var/www/trademate/vendor/guzzlehttp/guzzle/src/Handler/CurlHandler.php(47): GuzzleHttp\Handler\CurlFactory::finish()
#3 /var/www/trademate/vendor/guzzlehttp/guzzle/src/Handler/Proxy.php(28): GuzzleHttp\Handler\CurlHandler->__invoke()
#4 /var/www/trademate/vendor/guzzlehttp/guzzle/src/Handler/Proxy.php(48): GuzzleHttp\Handler\Proxy::GuzzleHttp\Handler\{closure}()
#5 /var/www/trademate/vendor/laravel/framework/src/Illuminate/Http/Client/PendingRequest.php(1150): GuzzleHttp\Handler\Proxy::GuzzleHttp\Handler\{closure}()
#6 /var/www/trademate/vendor/laravel/framework/src/Illuminate/Http/Client/PendingRequest.php(1116): Illuminate\Http\Client\PendingRequest->Illuminate\Http\Client\{closure}()
#7 /var/www/trademate/vendor/laravel/framework/src/Illuminate/Http/Client/PendingRequest.php(1102): Illuminate\Http\Client\PendingRequest->Illuminate\Http\Client\{closure}()
#8 /var/www/trademate/vendor/guzzlehttp/guzzle/src/PrepareBodyMiddleware.php(64): Illuminate\Http\Client\PendingRequest->Illuminate\Http\Client\{closure}()
#9 /var/www/trademate/vendor/guzzlehttp/guzzle/src/Middleware.php(38): GuzzleHttp\PrepareBodyMiddleware->__invoke()
#10 /var/www/trademate/vendor/guzzlehttp/guzzle/src/RedirectMiddleware.php(71): GuzzleHttp\Middleware::GuzzleHttp\{closure}()
#11 /var/www/trademate/vendor/guzzlehttp/guzzle/src/Middleware.php(63): GuzzleHttp\RedirectMiddleware->__invoke()
#12 /var/www/trademate/vendor/guzzlehttp/guzzle/src/HandlerStack.php(75): GuzzleHttp\Middleware::GuzzleHttp\{closure}()
#13 /var/www/trademate/vendor/guzzlehttp/guzzle/src/Client.php(333): GuzzleHttp\HandlerStack->__invoke()
#14 /var/www/trademate/vendor/guzzlehttp/guzzle/src/Client.php(169): GuzzleHttp\Client->transfer()
#15 /var/www/trademate/vendor/guzzlehttp/guzzle/src/Client.php(189): GuzzleHttp\Client->requestAsync()
#16 /var/www/trademate/vendor/laravel/framework/src/Illuminate/Http/Client/PendingRequest.php(961): GuzzleHttp\Client->request()
#17 /var/www/trademate/vendor/laravel/framework/src/Illuminate/Http/Client/PendingRequest.php(823): Illuminate\Http\Client\PendingRequest->sendRequest()
#18 /var/www/trademate/vendor/laravel/framework/src/Illuminate/Support/helpers.php(247): Illuminate\Http\Client\PendingRequest->Illuminate\Http\Client\{closure}()
#19 /var/www/trademate/vendor/laravel/framework/src/Illuminate/Http/Client/PendingRequest.php(821): retry()
#20 /var/www/trademate/vendor/laravel/framework/src/Illuminate/Http/Client/PendingRequest.php(727): Illuminate\Http\Client\PendingRequest->send()
#21 /var/www/trademate/app/Libraries/AlphaPo.php(64): Illuminate\Http\Client\PendingRequest->post()
#22 /var/www/trademate/app/Http/Controllers/Frontend/DepositController.php(100): App\Libraries\AlphaPo->createDepositAddress()
#23 /var/www/trademate/vendor/laravel/framework/src/Illuminate/Routing/Controller.php(54): App\Http\Controllers\Frontend\DepositController->depositNow()
#24 /var/www/trademate/vendor/laravel/framework/src/Illuminate/Routing/ControllerDispatcher.php(43): Illuminate\Routing\Controller->callAction()
#25 /var/www/trademate/vendor/laravel/framework/src/Illuminate/Routing/Route.php(259): Illuminate\Routing\ControllerDispatcher->dispatch()
#26 /var/www/trademate/vendor/laravel/framework/src/Illuminate/Routing/Route.php(205): Illuminate\Routing\Route->runController()
#27 /var/www/trademate/vendor/laravel/framework/src/Illuminate/Routing/Router.php(798): Illuminate\Routing\Route->run()
#28 /var/www/trademate/vendor/laravel/framework/src/Illuminate/Pipeline/Pipeline.php(141): Illuminate\Routing\Router->Illuminate\Routing\{closure}()
#29 /var/www/trademate/app/Http/Middleware/CheckDeactivate.php(29): Illuminate\Pipeline\Pipeline->Illuminate\Pipeline\{closure}()
#30 /var/www/trademate/vendor/laravel/framework/src/Illuminate/Pipeline/Pipeline.php(180): App\Http\Middleware\CheckDeactivate->handle()
#31 /var/www/trademate/app/Http/Middleware/TwoFaCheck.php(22): Illuminate\Pipeline\Pipeline->Illuminate\Pipeline\{closure}()
#32 /var/www/trademate/vendor/laravel/framework/src/Illuminate/Pipeline/Pipeline.php(180): App\Http\Middleware\TwoFaCheck->handle()
#33 /var/www/trademate/app/Http/Middleware/Localization.php(23): Illuminate\Pipeline\Pipeline->Illuminate\Pipeline\{closure}()
#34 /var/www/trademate/vendor/laravel/framework/src/Illuminate/Pipeline/Pipeline.php(180): App\Http\Middleware\Localization->handle()
#35 /var/www/trademate/app/Http/Middleware/XSS.php(25): Illuminate\Pipeline\Pipeline->Illuminate\Pipeline\{closure}()
#36 /var/www/trademate/vendor/laravel/framework/src/Illuminate/Pipeline/Pipeline.php(180): App\Http\Middleware\XSS->handle()
#37 /var/www/trademate/app/Http/Middleware/IsMaintenance.php(40): Illuminate\Pipeline\Pipeline->Illuminate\Pipeline\{closure}()
#38 /var/www/trademate/vendor/laravel/framework/src/Illuminate/Pipeline/Pipeline.php(180): App\Http\Middleware\IsMaintenance->handle()
#39 /var/www/trademate/app/Http/Middleware/StoreReferralCode.php(19): Illuminate\Pipeline\Pipeline->Illuminate\Pipeline\{closure}()
#40 /var/www/trademate/vendor/laravel/framework/src/Illuminate/Pipeline/Pipeline.php(180): App\Http\Middleware\StoreReferralCode->handle()
#41 /var/www/trademate/vendor/laravel/framework/src/Illuminate/Routing/Middleware/SubstituteBindings.php(50): Illuminate\Pipeline\Pipeline->Illuminate\Pipeline\{closure}()
#42 /var/www/trademate/vendor/laravel/framework/src/Illuminate/Pipeline/Pipeline.php(180): Illuminate\Routing\Middleware\SubstituteBindings->handle()
#43 /var/www/trademate/vendor/laravel/framework/src/Illuminate/Auth/Middleware/Authenticate.php(44): Illuminate\Pipeline\Pipeline->Illuminate\Pipeline\{closure}()
#44 /var/www/trademate/app/Http/Middleware/Authenticate.php(28): Illuminate\Auth\Middleware\Authenticate->handle()
#45 /var/www/trademate/vendor/laravel/framework/src/Illuminate/Pipeline/Pipeline.php(180): App\Http\Middleware\Authenticate->handle()
#46 /var/www/trademate/vendor/laravel/framework/src/Illuminate/Foundation/Http/Middleware/VerifyCsrfToken.php(78): Illuminate\Pipeline\Pipeline->Illuminate\Pipeline\{closure}()
#47 /var/www/trademate/vendor/laravel/framework/src/Illuminate/Pipeline/Pipeline.php(180): Illuminate\Foundation\Http\Middleware\VerifyCsrfToken->handle()
#48 /var/www/trademate/vendor/laravel/framework/src/Illuminate/View/Middleware/ShareErrorsFromSession.php(49): Illuminate\Pipeline\Pipeline->Illuminate\Pipeline\{closure}()
#49 /var/www/trademate/vendor/laravel/framework/src/Illuminate/Pipeline/Pipeline.php(180): Illuminate\View\Middleware\ShareErrorsFromSession->handle()
#50 /var/www/trademate/vendor/laravel/framework/src/Illuminate/Session/Middleware/StartSession.php(121): Illuminate\Pipeline\Pipeline->Illuminate\Pipeline\{closure}()
#51 /var/www/trademate/vendor/laravel/framework/src/Illuminate/Session/Middleware/StartSession.php(64): Illuminate\Session\Middleware\StartSession->handleStatefulRequest()
#52 /var/www/trademate/vendor/laravel/framework/src/Illuminate/Pipeline/Pipeline.php(180): Illuminate\Session\Middleware\StartSession->handle()
#53 /var/www/trademate/vendor/laravel/framework/src/Illuminate/Cookie/Middleware/AddQueuedCookiesToResponse.php(37): Illuminate\Pipeline\Pipeline->Illuminate\Pipeline\{closure}()
#54 /var/www/trademate/vendor/laravel/framework/src/Illuminate/Pipeline/Pipeline.php(180): Illuminate\Cookie\Middleware\AddQueuedCookiesToResponse->handle()
#55 /var/www/trademate/vendor/laravel/framework/src/Illuminate/Cookie/Middleware/EncryptCookies.php(67): Illuminate\Pipeline\Pipeline->Illuminate\Pipeline\{closure}()
#56 /var/www/trademate/vendor/laravel/framework/src/Illuminate/Pipeline/Pipeline.php(180): Illuminate\Cookie\Middleware\EncryptCookies->handle()
#57 /var/www/trademate/vendor/laravel/framework/src/Illuminate/Pipeline/Pipeline.php(116): Illuminate\Pipeline\Pipeline->Illuminate\Pipeline\{closure}()
#58 /var/www/trademate/vendor/laravel/framework/src/Illuminate/Routing/Router.php(797): Illuminate\Pipeline\Pipeline->then()
#59 /var/www/trademate/vendor/laravel/framework/src/Illuminate/Routing/Router.php(776): Illuminate\Routing\Router->runRouteWithinStack()
#60 /var/www/trademate/vendor/laravel/framework/src/Illuminate/Routing/Router.php(740): Illuminate\Routing\Router->runRoute()
#61 /var/www/trademate/vendor/laravel/framework/src/Illuminate/Routing/Router.php(729): Illuminate\Routing\Router->dispatchToRoute()
#62 /var/www/trademate/vendor/laravel/framework/src/Illuminate/Foundation/Http/Kernel.php(190): Illuminate\Routing\Router->dispatch()
#63 /var/www/trademate/vendor/laravel/framework/src/Illuminate/Pipeline/Pipeline.php(141): Illuminate\Foundation\Http\Kernel->Illuminate\Foundation\Http\{closure}()
#64 /var/www/trademate/vendor/barryvdh/laravel-debugbar/src/Middleware/InjectDebugbar.php(59): Illuminate\Pipeline\Pipeline->Illuminate\Pipeline\{closure}()
#65 /var/www/trademate/vendor/laravel/framework/src/Illuminate/Pipeline/Pipeline.php(180): Barryvdh\Debugbar\Middleware\InjectDebugbar->handle()
#66 /var/www/trademate/app/Http/Middleware/SecureHeaders.php(25): Illuminate\Pipeline\Pipeline->Illuminate\Pipeline\{closure}()
#67 /var/www/trademate/vendor/laravel/framework/src/Illuminate/Pipeline/Pipeline.php(180): App\Http\Middleware\SecureHeaders->handle()
#68 /var/www/trademate/vendor/laravel/framework/src/Illuminate/Foundation/Http/Middleware/TransformsRequest.php(21): Illuminate\Pipeline\Pipeline->Illuminate\Pipeline\{closure}()
#69 /var/www/trademate/vendor/laravel/framework/src/Illuminate/Foundation/Http/Middleware/ConvertEmptyStringsToNull.php(31): Illuminate\Foundation\Http\Middleware\TransformsRequest->handle()
#70 /var/www/trademate/vendor/laravel/framework/src/Illuminate/Pipeline/Pipeline.php(180): Illuminate\Foundation\Http\Middleware\ConvertEmptyStringsToNull->handle()
#71 /var/www/trademate/vendor/laravel/framework/src/Illuminate/Foundation/Http/Middleware/TransformsRequest.php(21): Illuminate\Pipeline\Pipeline->Illuminate\Pipeline\{closure}()
#72 /var/www/trademate/vendor/laravel/framework/src/Illuminate/Foundation/Http/Middleware/TrimStrings.php(40): Illuminate\Foundation\Http\Middleware\TransformsRequest->handle()
#73 /var/www/trademate/vendor/laravel/framework/src/Illuminate/Pipeline/Pipeline.php(180): Illuminate\Foundation\Http\Middleware\TrimStrings->handle()
#74 /var/www/trademate/vendor/laravel/framework/src/Illuminate/Foundation/Http/Middleware/ValidatePostSize.php(27): Illuminate\Pipeline\Pipeline->Illuminate\Pipeline\{closure}()
#75 /var/www/trademate/vendor/laravel/framework/src/Illuminate/Pipeline/Pipeline.php(180): Illuminate\Foundation\Http\Middleware\ValidatePostSize->handle()
#76 /var/www/trademate/vendor/laravel/framework/src/Illuminate/Foundation/Http/Middleware/PreventRequestsDuringMaintenance.php(86): Illuminate\Pipeline\Pipeline->Illuminate\Pipeline\{closure}()
#77 /var/www/trademate/vendor/laravel/framework/src/Illuminate/Pipeline/Pipeline.php(180): Illuminate\Foundation\Http\Middleware\PreventRequestsDuringMaintenance->handle()
#78 /var/www/trademate/vendor/laravel/framework/src/Illuminate/Http/Middleware/HandleCors.php(49): Illuminate\Pipeline\Pipeline->Illuminate\Pipeline\{closure}()
#79 /var/www/trademate/vendor/laravel/framework/src/Illuminate/Pipeline/Pipeline.php(180): Illuminate\Http\Middleware\HandleCors->handle()
#80 /var/www/trademate/vendor/laravel/framework/src/Illuminate/Http/Middleware/TrustProxies.php(39): Illuminate\Pipeline\Pipeline->Illuminate\Pipeline\{closure}()
#81 /var/www/trademate/vendor/laravel/framework/src/Illuminate/Pipeline/Pipeline.php(180): Illuminate\Http\Middleware\TrustProxies->handle()
#82 /var/www/trademate/vendor/laravel/framework/src/Illuminate/Pipeline/Pipeline.php(116): Illuminate\Pipeline\Pipeline->Illuminate\Pipeline\{closure}()
#83 /var/www/trademate/vendor/laravel/framework/src/Illuminate/Foundation/Http/Kernel.php(165): Illuminate\Pipeline\Pipeline->then()
#84 /var/www/trademate/vendor/laravel/framework/src/Illuminate/Foundation/Http/Kernel.php(134): Illuminate\Foundation\Http\Kernel->sendRequestThroughRouter()
#85 /var/www/trademate/public/index.php(51): Illuminate\Foundation\Http\Kernel->handle()
#86 /var/www/trademate/vendor/laravel/framework/src/Illuminate/Foundation/resources/server.php(16): require_once('...')
#87 {main}

Next Illuminate\Http\Client\ConnectionException: cURL error 6: Could not resolve host: addresses (see https://curl.haxx.se/libcurl/c/libcurl-errors.html) for addresses/take in /var/www/trademate/vendor/laravel/framework/src/Illuminate/Http/Client/PendingRequest.php:855
Stack trace:
#0 /var/www/trademate/vendor/laravel/framework/src/Illuminate/Support/helpers.php(247): Illuminate\Http\Client\PendingRequest->Illuminate\Http\Client\{closure}()
#1 /var/www/trademate/vendor/laravel/framework/src/Illuminate/Http/Client/PendingRequest.php(821): retry()
#2 /var/www/trademate/vendor/laravel/framework/src/Illuminate/Http/Client/PendingRequest.php(727): Illuminate\Http\Client\PendingRequest->send()
#3 /var/www/trademate/app/Libraries/AlphaPo.php(64): Illuminate\Http\Client\PendingRequest->post()
#4 /var/www/trademate/app/Http/Controllers/Frontend/DepositController.php(100): App\Libraries\AlphaPo->createDepositAddress()
#5 /var/www/trademate/vendor/laravel/framework/src/Illuminate/Routing/Controller.php(54): App\Http\Controllers\Frontend\DepositController->depositNow()
#6 /var/www/trademate/vendor/laravel/framework/src/Illuminate/Routing/ControllerDispatcher.php(43): Illuminate\Routing\Controller->callAction()
#7 /var/www/trademate/vendor/laravel/framework/src/Illuminate/Routing/Route.php(259): Illuminate\Routing\ControllerDispatcher->dispatch()
#8 /var/www/trademate/vendor/laravel/framework/src/Illuminate/Routing/Route.php(205): Illuminate\Routing\Route->runController()
#9 /var/www/trademate/vendor/laravel/framework/src/Illuminate/Routing/Router.php(798): Illuminate\Routing\Route->run()
#10 /var/www/trademate/vendor/laravel/framework/src/Illuminate/Pipeline/Pipeline.php(141): Illuminate\Routing\Router->Illuminate\Routing\{closure}()
#11 /var/www/trademate/app/Http/Middleware/CheckDeactivate.php(29): Illuminate\Pipeline\Pipeline->Illuminate\Pipeline\{closure}()
#12 /var/www/trademate/vendor/laravel/framework/src/Illuminate/Pipeline/Pipeline.php(180): App\Http\Middleware\CheckDeactivate->handle()
#13 /var/www/trademate/app/Http/Middleware/TwoFaCheck.php(22): Illuminate\Pipeline\Pipeline->Illuminate\Pipeline\{closure}()
#14 /var/www/trademate/vendor/laravel/framework/src/Illuminate/Pipeline/Pipeline.php(180): App\Http\Middleware\TwoFaCheck->handle()
#15 /var/www/trademate/app/Http/Middleware/Localization.php(23): Illuminate\Pipeline\Pipeline->Illuminate\Pipeline\{closure}()
#16 /var/www/trademate/vendor/laravel/framework/src/Illuminate/Pipeline/Pipeline.php(180): App\Http\Middleware\Localization->handle()
#17 /var/www/trademate/app/Http/Middleware/XSS.php(25): Illuminate\Pipeline\Pipeline->Illuminate\Pipeline\{closure}()
#18 /var/www/trademate/vendor/laravel/framework/src/Illuminate/Pipeline/Pipeline.php(180): App\Http\Middleware\XSS->handle()
#19 /var/www/trademate/app/Http/Middleware/IsMaintenance.php(40): Illuminate\Pipeline\Pipeline->Illuminate\Pipeline\{closure}()
#20 /var/www/trademate/vendor/laravel/framework/src/Illuminate/Pipeline/Pipeline.php(180): App\Http\Middleware\IsMaintenance->handle()
#21 /var/www/trademate/app/Http/Middleware/StoreReferralCode.php(19): Illuminate\Pipeline\Pipeline->Illuminate\Pipeline\{closure}()
#22 /var/www/trademate/vendor/laravel/framework/src/Illuminate/Pipeline/Pipeline.php(180): App\Http\Middleware\StoreReferralCode->handle()
#23 /var/www/trademate/vendor/laravel/framework/src/Illuminate/Routing/Middleware/SubstituteBindings.php(50): Illuminate\Pipeline\Pipeline->Illuminate\Pipeline\{closure}()
#24 /var/www/trademate/vendor/laravel/framework/src/Illuminate/Pipeline/Pipeline.php(180): Illuminate\Routing\Middleware\SubstituteBindings->handle()
#25 /var/www/trademate/vendor/laravel/framework/src/Illuminate/Auth/Middleware/Authenticate.php(44): Illuminate\Pipeline\Pipeline->Illuminate\Pipeline\{closure}()
#26 /var/www/trademate/app/Http/Middleware/Authenticate.php(28): Illuminate\Auth\Middleware\Authenticate->handle()
#27 /var/www/trademate/vendor/laravel/framework/src/Illuminate/Pipeline/Pipeline.php(180): App\Http\Middleware\Authenticate->handle()
#28 /var/www/trademate/vendor/laravel/framework/src/Illuminate/Foundation/Http/Middleware/VerifyCsrfToken.php(78): Illuminate\Pipeline\Pipeline->Illuminate\Pipeline\{closure}()
#29 /var/www/trademate/vendor/laravel/framework/src/Illuminate/Pipeline/Pipeline.php(180): Illuminate\Foundation\Http\Middleware\VerifyCsrfToken->handle()
#30 /var/www/trademate/vendor/laravel/framework/src/Illuminate/View/Middleware/ShareErrorsFromSession.php(49): Illuminate\Pipeline\Pipeline->Illuminate\Pipeline\{closure}()
#31 /var/www/trademate/vendor/laravel/framework/src/Illuminate/Pipeline/Pipeline.php(180): Illuminate\View\Middleware\ShareErrorsFromSession->handle()
#32 /var/www/trademate/vendor/laravel/framework/src/Illuminate/Session/Middleware/StartSession.php(121): Illuminate\Pipeline\Pipeline->Illuminate\Pipeline\{closure}()
#33 /var/www/trademate/vendor/laravel/framework/src/Illuminate/Session/Middleware/StartSession.php(64): Illuminate\Session\Middleware\StartSession->handleStatefulRequest()
#34 /var/www/trademate/vendor/laravel/framework/src/Illuminate/Pipeline/Pipeline.php(180): Illuminate\Session\Middleware\StartSession->handle()
#35 /var/www/trademate/vendor/laravel/framework/src/Illuminate/Cookie/Middleware/AddQueuedCookiesToResponse.php(37): Illuminate\Pipeline\Pipeline->Illuminate\Pipeline\{closure}()
#36 /var/www/trademate/vendor/laravel/framework/src/Illuminate/Pipeline/Pipeline.php(180): Illuminate\Cookie\Middleware\AddQueuedCookiesToResponse->handle()
#37 /var/www/trademate/vendor/laravel/framework/src/Illuminate/Cookie/Middleware/EncryptCookies.php(67): Illuminate\Pipeline\Pipeline->Illuminate\Pipeline\{closure}()
#38 /var/www/trademate/vendor/laravel/framework/src/Illuminate/Pipeline/Pipeline.php(180): Illuminate\Cookie\Middleware\EncryptCookies->handle()
#39 /var/www/trademate/vendor/laravel/framework/src/Illuminate/Pipeline/Pipeline.php(116): Illuminate\Pipeline\Pipeline->Illuminate\Pipeline\{closure}()
#40 /var/www/trademate/vendor/laravel/framework/src/Illuminate/Routing/Router.php(797): Illuminate\Pipeline\Pipeline->then()
#41 /var/www/trademate/vendor/laravel/framework/src/Illuminate/Routing/Router.php(776): Illuminate\Routing\Router->runRouteWithinStack()
#42 /var/www/trademate/vendor/laravel/framework/src/Illuminate/Routing/Router.php(740): Illuminate\Routing\Router->runRoute()
#43 /var/www/trademate/vendor/laravel/framework/src/Illuminate/Routing/Router.php(729): Illuminate\Routing\Router->dispatchToRoute()
#44 /var/www/trademate/vendor/laravel/framework/src/Illuminate/Foundation/Http/Kernel.php(190): Illuminate\Routing\Router->dispatch()
#45 /var/www/trademate/vendor/laravel/framework/src/Illuminate/Pipeline/Pipeline.php(141): Illuminate\Foundation\Http\Kernel->Illuminate\Foundation\Http\{closure}()
#46 /var/www/trademate/vendor/barryvdh/laravel-debugbar/src/Middleware/InjectDebugbar.php(59): Illuminate\Pipeline\Pipeline->Illuminate\Pipeline\{closure}()
#47 /var/www/trademate/vendor/laravel/framework/src/Illuminate/Pipeline/Pipeline.php(180): Barryvdh\Debugbar\Middleware\InjectDebugbar->handle()
#48 /var/www/trademate/app/Http/Middleware/SecureHeaders.php(25): Illuminate\Pipeline\Pipeline->Illuminate\Pipeline\{closure}()
#49 /var/www/trademate/vendor/laravel/framework/src/Illuminate/Pipeline/Pipeline.php(180): App\Http\Middleware\SecureHeaders->handle()
#50 /var/www/trademate/vendor/laravel/framework/src/Illuminate/Foundation/Http/Middleware/TransformsRequest.php(21): Illuminate\Pipeline\Pipeline->Illuminate\Pipeline\{closure}()
#51 /var/www/trademate/vendor/laravel/framework/src/Illuminate/Foundation/Http/Middleware/ConvertEmptyStringsToNull.php(31): Illuminate\Foundation\Http\Middleware\TransformsRequest->handle()
#52 /var/www/trademate/vendor/laravel/framework/src/Illuminate/Pipeline/Pipeline.php(180): Illuminate\Foundation\Http\Middleware\ConvertEmptyStringsToNull->handle()
#53 /var/www/trademate/vendor/laravel/framework/src/Illuminate/Foundation/Http/Middleware/TransformsRequest.php(21): Illuminate\Pipeline\Pipeline->Illuminate\Pipeline\{closure}()
#54 /var/www/trademate/vendor/laravel/framework/src/Illuminate/Foundation/Http/Middleware/TrimStrings.php(40): Illuminate\Foundation\Http\Middleware\TransformsRequest->handle()
#55 /var/www/trademate/vendor/laravel/framework/src/Illuminate/Pipeline/Pipeline.php(180): Illuminate\Foundation\Http\Middleware\TrimStrings->handle()
#56 /var/www/trademate/vendor/laravel/framework/src/Illuminate/Foundation/Http/Middleware/ValidatePostSize.php(27): Illuminate\Pipeline\Pipeline->Illuminate\Pipeline\{closure}()
#57 /var/www/trademate/vendor/laravel/framework/src/Illuminate/Pipeline/Pipeline.php(180): Illuminate\Foundation\Http\Middleware\ValidatePostSize->handle()
#58 /var/www/trademate/vendor/laravel/framework/src/Illuminate/Foundation/Http/Middleware/PreventRequestsDuringMaintenance.php(86): Illuminate\Pipeline\Pipeline->Illuminate\Pipeline\{closure}()
#59 /var/www/trademate/vendor/laravel/framework/src/Illuminate/Pipeline/Pipeline.php(180): Illuminate\Foundation\Http\Middleware\PreventRequestsDuringMaintenance->handle()
#60 /var/www/trademate/vendor/laravel/framework/src/Illuminate/Http/Middleware/HandleCors.php(49): Illuminate\Pipeline\Pipeline->Illuminate\Pipeline\{closure}()
#61 /var/www/trademate/vendor/laravel/framework/src/Illuminate/Pipeline/Pipeline.php(180): Illuminate\Http\Middleware\HandleCors->handle()
#62 /var/www/trademate/vendor/laravel/framework/src/Illuminate/Http/Middleware/TrustProxies.php(39): Illuminate\Pipeline\Pipeline->Illuminate\Pipeline\{closure}()
#63 /var/www/trademate/vendor/laravel/framework/src/Illuminate/Pipeline/Pipeline.php(180): Illuminate\Http\Middleware\TrustProxies->handle()
#64 /var/www/trademate/vendor/laravel/framework/src/Illuminate/Pipeline/Pipeline.php(116): Illuminate\Pipeline\Pipeline->Illuminate\Pipeline\{closure}()
#65 /var/www/trademate/vendor/laravel/framework/src/Illuminate/Foundation/Http/Kernel.php(165): Illuminate\Pipeline\Pipeline->then()
#66 /var/www/trademate/vendor/laravel/framework/src/Illuminate/Foundation/Http/Kernel.php(134): Illuminate\Foundation\Http\Kernel->sendRequestThroughRouter()
#67 /var/www/trademate/public/index.php(51): Illuminate\Foundation\Http\Kernel->handle()
#68 /var/www/trademate/vendor/laravel/framework/src/Illuminate/Foundation/resources/server.php(16): require_once('...')
#69 {main}  
